<?xml version="1.0" encoding="UTF-8"?>
<!-- Generated by org.testng.reporters.JUnitReportReporter -->
<testsuite hostname="Chetan" failures="0" tests="2" name="com.appmetry.runner.TestRunner" time="0.418" errors="2" timestamp="2023-10-04T10:11:53 IST" skipped="0">
  <testcase classname="com.appmetry.runner.TestRunner" name="runScenario" time="0.396">
    <error message="Cannot invoke &quot;org.openqa.selenium.WebDriver.findElement(org.openqa.selenium.By)&quot; because &quot;this.driver&quot; is null" type="java.lang.NullPointerException">
      <![CDATA[java.lang.NullPointerException: Cannot invoke "org.openqa.selenium.WebDriver.findElement(org.openqa.selenium.By)" because "this.driver" is null
at com.appmetry.pages.LoginPage.redirectToLoginPage(LoginPage.java:81)
at com.appmetry.stepdefinations.LoginStepDef.the_login_page_is_open(LoginStepDef.java:17)
at ✽.the login page is open(file:///C:/Users/Appmetry/Project/Java_Cucumber_Framework_Template/src/test/java/resources/features/login.feature:6)
]]>
    </error>
  </testcase> <!-- runScenario -->
  <testcase classname="com.appmetry.runner.TestRunner" name="runScenario" time="0.022">
    <error message="Cannot invoke &quot;org.openqa.selenium.WebDriver.findElement(org.openqa.selenium.By)&quot; because &quot;this.driver&quot; is null" type="java.lang.NullPointerException">
      <![CDATA[java.lang.NullPointerException: Cannot invoke "org.openqa.selenium.WebDriver.findElement(org.openqa.selenium.By)" because "this.driver" is null
at com.appmetry.pages.LoginPage.redirectToLoginPage(LoginPage.java:81)
at com.appmetry.stepdefinations.LoginStepDef.the_login_page_is_open(LoginStepDef.java:17)
at ✽.the login page is open(file:///C:/Users/Appmetry/Project/Java_Cucumber_Framework_Template/src/test/java/resources/features/login.feature:6)
]]>
    </error>
  </testcase> <!-- runScenario -->
</testsuite> <!-- com.appmetry.runner.TestRunner -->
