<?xml version="1.0" encoding="UTF-8"?>
<!-- Generated by org.testng.reporters.JUnitReportReporter -->
<testsuite hostname="Chetan" failures="0" tests="2" name="com.appmetry.runner.TestRunner" time="20.163" errors="0" timestamp="2023-10-03T12:06:38 IST" skipped="0">
  <testcase classname="com.appmetry.runner.TestRunner" name="runScenario" time="9.164"/>
  <testcase classname="com.appmetry.runner.TestRunner" name="runScenario" time="10.999"/>
</testsuite> <!-- com.appmetry.runner.TestRunner -->
